============================= test session starts =============================
platform win32 -- Python 3.13.3, pytest-9.0.3, pluggy-1.6.0
rootdir: C:\Humanitarian Databank\Backoffice
configfile: pytest.ini
plugins: anyio-4.9.0, langsmith-0.7.30, locust-2.43.4, asyncio-0.23.8, cov-7.0.0, flask-1.3.0, mock-3.15.1, xdist-3.8.0
asyncio: mode=Mode.STRICT
collected 4 items

tests\unit\test_rbac_catalog_completeness.py ....                    [4/4 100%]

-- generated xml file: C:\Humanitarian Databank\Backoffice\test_results.xml ---
============================== 4 passed in 8.60s ==============================
