============================= test session starts =============================
platform win32 -- Python 3.13.3, pytest-9.0.3, pluggy-1.6.0 -- C:\Python313\python.exe
rootdir: C:\Humanitarian Databank\Backoffice
configfile: pytest.ini
plugins: anyio-4.9.0, langsmith-0.7.30, locust-2.43.4, asyncio-0.23.8, cov-7.0.0, flask-1.3.0, mock-3.15.1, xdist-3.8.0
asyncio: mode=Mode.STRICT
collecting ... collected 5 items

tests/unit/test_services/test_workflow_docs_service.py::TestGetWorkflowForTourLanguageTagging::test_english_is_never_a_fallback ERROR [1/5  20%]
tests/unit/test_services/test_workflow_docs_service.py::TestGetWorkflowForTourLanguageTagging::test_translation_without_parseable_steps_reports_english_fallback ERROR [2/5  40%]
tests/unit/test_services/test_workflow_docs_service.py::TestGetWorkflowForTourLanguageTagging::test_falls_back_consistently_across_all_supported_languages ERROR [3/5  60%]
tests/unit/test_services/test_workflow_docs_service.py::TestGetWorkflowForTourLanguageTagging::test_genuinely_translated_workflow_is_not_flagged_as_fallback ERROR [4/5  80%]
tests/unit/test_services/test_workflow_docs_service.py::TestGetWorkflowForTourLanguageTagging::test_unknown_workflow_returns_none ERROR [5/5 100%]

=================================== ERRORS ====================================
_ ERROR at setup of TestGetWorkflowForTourLanguageTagging.test_english_is_never_a_fallback _
tests\conftest.py:254: in _check_test_database_reachable
    sock.connect((host, port))
E   ConnectionRefusedError: [WinError 10061] No connection could be made because the target machine actively refused it

During handling of the above exception, another exception occurred:
tests\conftest.py:285: in app
    _check_test_database_reachable()
tests\conftest.py:256: in _check_test_database_reachable
    raise pytest.UsageError(
E   pytest.UsageError: 
E   ======================================================================
E     TEST DATABASE NOT RUNNING
E   ======================================================================
E   
E     Could not connect to the test database at 127.0.0.1:5433.
E     URL: postgresql+psycopg2://app:app@127.0.0.1:5433/ngo_databank_test
E   
E     Please start the test database before running tests.
E     If you're using Docker, run:
E   
E       docker start ifrc-test-db
E   
E     Or start your local PostgreSQL instance on port 5433.
E   ======================================================================
_ ERROR at setup of TestGetWorkflowForTourLanguageTagging.test_translation_without_parseable_steps_reports_english_fallback _
tests\conftest.py:254: in _check_test_database_reachable
    sock.connect((host, port))
E   ConnectionRefusedError: [WinError 10061] No connection could be made because the target machine actively refused it

During handling of the above exception, another exception occurred:
tests\conftest.py:285: in app
    _check_test_database_reachable()
tests\conftest.py:256: in _check_test_database_reachable
    raise pytest.UsageError(
E   pytest.UsageError: 
E   ======================================================================
E     TEST DATABASE NOT RUNNING
E   ======================================================================
E   
E     Could not connect to the test database at 127.0.0.1:5433.
E     URL: postgresql+psycopg2://app:app@127.0.0.1:5433/ngo_databank_test
E   
E     Please start the test database before running tests.
E     If you're using Docker, run:
E   
E       docker start ifrc-test-db
E   
E     Or start your local PostgreSQL instance on port 5433.
E   ======================================================================
_ ERROR at setup of TestGetWorkflowForTourLanguageTagging.test_falls_back_consistently_across_all_supported_languages _
tests\conftest.py:254: in _check_test_database_reachable
    sock.connect((host, port))
E   ConnectionRefusedError: [WinError 10061] No connection could be made because the target machine actively refused it

During handling of the above exception, another exception occurred:
tests\conftest.py:285: in app
    _check_test_database_reachable()
tests\conftest.py:256: in _check_test_database_reachable
    raise pytest.UsageError(
E   pytest.UsageError: 
E   ======================================================================
E     TEST DATABASE NOT RUNNING
E   ======================================================================
E   
E     Could not connect to the test database at 127.0.0.1:5433.
E     URL: postgresql+psycopg2://app:app@127.0.0.1:5433/ngo_databank_test
E   
E     Please start the test database before running tests.
E     If you're using Docker, run:
E   
E       docker start ifrc-test-db
E   
E     Or start your local PostgreSQL instance on port 5433.
E   ======================================================================
_ ERROR at setup of TestGetWorkflowForTourLanguageTagging.test_genuinely_translated_workflow_is_not_flagged_as_fallback _
tests\conftest.py:254: in _check_test_database_reachable
    sock.connect((host, port))
E   ConnectionRefusedError: [WinError 10061] No connection could be made because the target machine actively refused it

During handling of the above exception, another exception occurred:
tests\conftest.py:285: in app
    _check_test_database_reachable()
tests\conftest.py:256: in _check_test_database_reachable
    raise pytest.UsageError(
E   pytest.UsageError: 
E   ======================================================================
E     TEST DATABASE NOT RUNNING
E   ======================================================================
E   
E     Could not connect to the test database at 127.0.0.1:5433.
E     URL: postgresql+psycopg2://app:app@127.0.0.1:5433/ngo_databank_test
E   
E     Please start the test database before running tests.
E     If you're using Docker, run:
E   
E       docker start ifrc-test-db
E   
E     Or start your local PostgreSQL instance on port 5433.
E   ======================================================================
_ ERROR at setup of TestGetWorkflowForTourLanguageTagging.test_unknown_workflow_returns_none _
tests\conftest.py:254: in _check_test_database_reachable
    sock.connect((host, port))
E   ConnectionRefusedError: [WinError 10061] No connection could be made because the target machine actively refused it

During handling of the above exception, another exception occurred:
tests\conftest.py:285: in app
    _check_test_database_reachable()
tests\conftest.py:256: in _check_test_database_reachable
    raise pytest.UsageError(
E   pytest.UsageError: 
E   ======================================================================
E     TEST DATABASE NOT RUNNING
E   ======================================================================
E   
E     Could not connect to the test database at 127.0.0.1:5433.
E     URL: postgresql+psycopg2://app:app@127.0.0.1:5433/ngo_databank_test
E   
E     Please start the test database before running tests.
E     If you're using Docker, run:
E   
E       docker start ifrc-test-db
E   
E     Or start your local PostgreSQL instance on port 5433.
E   ======================================================================
-- generated xml file: C:\Humanitarian Databank\Backoffice\test_results.xml ---
=========================== short test summary info ===========================
ERROR tests/unit/test_services/test_workflow_docs_service.py::TestGetWorkflowForTourLanguageTagging::test_english_is_never_a_fallback - pytest.UsageError: 
======================================================================
  TEST DATABASE NOT RUNNING
======================================================================

  Could not connect to the test database at 127.0.0.1:5433.
  URL: postgresql+psycopg2://app:app@127.0.0.1:5433/ngo_databank_test

  Please start the test database before running tests.
  If you're using Docker, run:

    docker start ifrc-test-db

  Or start your local PostgreSQL instance on port 5433.
======================================================================
ERROR tests/unit/test_services/test_workflow_docs_service.py::TestGetWorkflowForTourLanguageTagging::test_translation_without_parseable_steps_reports_english_fallback - pytest.UsageError: 
======================================================================
  TEST DATABASE NOT RUNNING
======================================================================

  Could not connect to the test database at 127.0.0.1:5433.
  URL: postgresql+psycopg2://app:app@127.0.0.1:5433/ngo_databank_test

  Please start the test database before running tests.
  If you're using Docker, run:

    docker start ifrc-test-db

  Or start your local PostgreSQL instance on port 5433.
======================================================================
ERROR tests/unit/test_services/test_workflow_docs_service.py::TestGetWorkflowForTourLanguageTagging::test_falls_back_consistently_across_all_supported_languages - pytest.UsageError: 
======================================================================
  TEST DATABASE NOT RUNNING
======================================================================

  Could not connect to the test database at 127.0.0.1:5433.
  URL: postgresql+psycopg2://app:app@127.0.0.1:5433/ngo_databank_test

  Please start the test database before running tests.
  If you're using Docker, run:

    docker start ifrc-test-db

  Or start your local PostgreSQL instance on port 5433.
======================================================================
ERROR tests/unit/test_services/test_workflow_docs_service.py::TestGetWorkflowForTourLanguageTagging::test_genuinely_translated_workflow_is_not_flagged_as_fallback - pytest.UsageError: 
======================================================================
  TEST DATABASE NOT RUNNING
======================================================================

  Could not connect to the test database at 127.0.0.1:5433.
  URL: postgresql+psycopg2://app:app@127.0.0.1:5433/ngo_databank_test

  Please start the test database before running tests.
  If you're using Docker, run:

    docker start ifrc-test-db

  Or start your local PostgreSQL instance on port 5433.
======================================================================
ERROR tests/unit/test_services/test_workflow_docs_service.py::TestGetWorkflowForTourLanguageTagging::test_unknown_workflow_returns_none - pytest.UsageError: 
======================================================================
  TEST DATABASE NOT RUNNING
======================================================================

  Could not connect to the test database at 127.0.0.1:5433.
  URL: postgresql+psycopg2://app:app@127.0.0.1:5433/ngo_databank_test

  Please start the test database before running tests.
  If you're using Docker, run:

    docker start ifrc-test-db

  Or start your local PostgreSQL instance on port 5433.
======================================================================
============================== 5 errors in 4.56s ==============================
